<?xml version="1.0" encoding="UTF-8"?>
<!-- Generated by org.testng.reporters.JUnitReportReporter -->
<testsuite hostname="LAPTOP-K6N7EVTI" failures="0" tests="7" name="com.example.groups.GroupsTest" time="0.513" errors="1" timestamp="2026-05-24T19:36:19 MSK" skipped="0">
  <testcase classname="com.example.groups.GroupsTest" name="userCountIncrementsOnRegister" time="0.002"/>
  <testcase classname="com.example.groups.GroupsTest" name="wrongPasswordRejected" time="0.000"/>
  <testcase classname="com.example.groups.GroupsTest" name="unknownUserRejected" time="0.001"/>
  <testcase classname="com.example.groups.GroupsTest" name="basicLoginWorks" time="0.007"/>
  <testcase classname="com.example.groups.GroupsTest" name="slowIntegrationCheck" time="0.501"/>
  <testcase classname="com.example.groups.GroupsTest" name="deleteUserAfterSmoke" time="0.001">
    <error message="Сервер не запущен" type="java.lang.IllegalStateException">
      <![CDATA[java.lang.IllegalStateException: Сервер не запущен
at com.example.UserService.register(UserService.java:38)
at com.example.groups.GroupsTest.deleteUserAfterSmoke(GroupsTest.java:115)
at java.base/jdk.internal.reflect.DirectMethodHandleAccessor.invoke(DirectMethodHandleAccessor.java:104)
at java.base/java.lang.reflect.Method.invoke(Method.java:565)
at org.testng.internal.invokers.MethodInvocationHelper.invokeMethod(MethodInvocationHelper.java:139)
at org.testng.internal.invokers.TestInvoker.invokeMethod(TestInvoker.java:664)
at org.testng.internal.invokers.TestInvoker.invokeTestMethod(TestInvoker.java:227)
at org.testng.internal.invokers.MethodRunner.runInSequence(MethodRunner.java:50)
at org.testng.internal.invokers.TestInvoker$MethodInvocationAgent.invoke(TestInvoker.java:957)
at org.testng.internal.invokers.TestInvoker.invokeTestMethods(TestInvoker.java:200)
at org.testng.internal.invokers.TestMethodWorker.invokeTestMethods(TestMethodWorker.java:148)
at org.testng.internal.invokers.TestMethodWorker.run(TestMethodWorker.java:128)
at java.base/java.util.ArrayList.forEach(ArrayList.java:1604)
at org.testng.TestRunner.privateRun(TestRunner.java:848)
at org.testng.TestRunner.run(TestRunner.java:621)
at org.testng.SuiteRunner.runTest(SuiteRunner.java:443)
at org.testng.SuiteRunner$SuiteWorker.run(SuiteRunner.java:481)
at org.testng.internal.thread.ThreadUtil.lambda$execute$0(ThreadUtil.java:58)
at java.base/java.util.concurrent.FutureTask.run(FutureTask.java:328)
at java.base/java.util.concurrent.ThreadPoolExecutor.runWorker(ThreadPoolExecutor.java:1090)
at java.base/java.util.concurrent.ThreadPoolExecutor$Worker.run(ThreadPoolExecutor.java:614)
at java.base/java.lang.Thread.run(Thread.java:1474)
]]>
    </error>
  </testcase> <!-- deleteUserAfterSmoke -->
  <testcase classname="com.example.groups.GroupsTest" name="serverIsUp" time="0.001"/>
</testsuite> <!-- com.example.groups.GroupsTest -->
