<?xml version="1.0" encoding="UTF-8"?>
<!-- Generated by org.testng.reporters.JUnitReportReporter -->
<testsuite hostname="LAPTOP-K6N7EVTI" failures="0" tests="12" name="com.example.factory.UserRoleTest" time="0.013" errors="0" timestamp="2026-05-24T19:36:19 MSK" skipped="0">
  <testcase classname="com.example.factory.UserRoleTest" name="userExistsTest" time="0.001"/>
  <testcase classname="com.example.factory.UserRoleTest" name="roleCheckTest" time="0.000"/>
  <testcase classname="com.example.factory.UserRoleTest" name="loginTest" time="0.000"/>
  <testcase classname="com.example.factory.UserRoleTest" name="userExistsTest" time="0.001"/>
  <testcase classname="com.example.factory.UserRoleTest" name="userExistsTest" time="0.001"/>
  <testcase classname="com.example.factory.UserRoleTest" name="loginTest" time="0.000"/>
  <testcase classname="com.example.factory.UserRoleTest" name="loginTest" time="0.003"/>
  <testcase classname="com.example.factory.UserRoleTest" name="roleCheckTest" time="0.000"/>
  <testcase classname="com.example.factory.UserRoleTest" name="wrongPasswordTest" time="0.004"/>
  <testcase classname="com.example.factory.UserRoleTest" name="wrongPasswordTest" time="0.001"/>
  <testcase classname="com.example.factory.UserRoleTest" name="roleCheckTest" time="0.001"/>
  <testcase classname="com.example.factory.UserRoleTest" name="wrongPasswordTest" time="0.001"/>
</testsuite> <!-- com.example.factory.UserRoleTest -->
