<?xml version="1.0" encoding="UTF-8"?>
<!-- Generated by org.testng.reporters.JUnitReportReporter -->
<testsuite hostname="LAPTOP-K6N7EVTI" failures="0" tests="15" name="com.example.dataprovider.DataProviderTest" time="0.050" errors="0" timestamp="2026-05-24T19:36:18 MSK" skipped="0">
  <testcase classname="com.example.dataprovider.DataProviderTest" name="testRegisterInvalidUser" time="0.001"/>
  <testcase classname="com.example.dataprovider.DataProviderTest" name="testLoginScenarios" time="0.016"/>
  <testcase classname="com.example.dataprovider.DataProviderTest" name="testLoginScenarios" time="0.001"/>
  <testcase classname="com.example.dataprovider.DataProviderTest" name="testRegisterValidUser" time="0.001"/>
  <testcase classname="com.example.dataprovider.DataProviderTest" name="testRegisterValidUser" time="0.005"/>
  <testcase classname="com.example.dataprovider.DataProviderTest" name="testParallelRegistration" time="0.001"/>
  <testcase classname="com.example.dataprovider.DataProviderTest" name="testRegisterValidUser" time="0.001"/>
  <testcase classname="com.example.dataprovider.DataProviderTest" name="testRegisterInvalidUser" time="0.002"/>
  <testcase classname="com.example.dataprovider.DataProviderTest" name="testParallelRegistration" time="0.003"/>
  <testcase classname="com.example.dataprovider.DataProviderTest" name="testRegisterValidUser" time="0.010"/>
  <testcase classname="com.example.dataprovider.DataProviderTest" name="testRegisterInvalidUser" time="0.003"/>
  <testcase classname="com.example.dataprovider.DataProviderTest" name="testLoginScenarios" time="0.001"/>
  <testcase classname="com.example.dataprovider.DataProviderTest" name="testRegisterInvalidUser" time="0.001"/>
  <testcase classname="com.example.dataprovider.DataProviderTest" name="testLoginScenarios" time="0.001"/>
  <testcase classname="com.example.dataprovider.DataProviderTest" name="testParallelRegistration" time="0.003"/>
</testsuite> <!-- com.example.dataprovider.DataProviderTest -->
