<?xml version="1.0" encoding="UTF-8"?>
<!-- Generated by org.testng.reporters.JUnitReportReporter -->
<testsuite hostname="LAPTOP-K6N7EVTI" failures="0" tests="5" name="com.example.basics.DependencyTest" time="0.002" errors="0" timestamp="2026-05-24T19:36:18 MSK" skipped="0">
  <testcase classname="com.example.basics.DependencyTest" name="step5_stopServer" time="0.001"/>
  <testcase classname="com.example.basics.DependencyTest" name="step2_registerUser" time="0.001"/>
  <testcase classname="com.example.basics.DependencyTest" name="step3_loginUser" time="0.000"/>
  <testcase classname="com.example.basics.DependencyTest" name="step4_performAction" time="0.000"/>
  <testcase classname="com.example.basics.DependencyTest" name="step1_startServer" time="0.000"/>
</testsuite> <!-- com.example.basics.DependencyTest -->
