<?xml version="1.0" encoding="UTF-8"?>
<!-- Generated by org.testng.reporters.JUnitReportReporter -->
<testsuite hostname="LAPTOP-K6N7EVTI" failures="0" tests="4" name="com.example.basics.AnnotationLifecycleTest" time="0.003" errors="0" timestamp="2026-05-24T19:36:19 MSK" skipped="0">
  <testcase classname="com.example.basics.AnnotationLifecycleTest" name="testLoginWrongPassword" time="0.001"/>
  <testcase classname="com.example.basics.AnnotationLifecycleTest" name="testLoginSuccess" time="0.000"/>
  <testcase classname="com.example.basics.AnnotationLifecycleTest" name="testServerIsRunning" time="0.000"/>
  <testcase classname="com.example.basics.AnnotationLifecycleTest" name="testUserExists" time="0.002"/>
</testsuite> <!-- com.example.basics.AnnotationLifecycleTest -->
