<?xml version="1.0" encoding="UTF-8"?>
<!-- Generated by org.testng.reporters.JUnitReportReporter -->
<testsuite hostname="LAPTOP-K6N7EVTI" failures="0" tests="10" name="com.example.basics.TestAttributesTest" time="0.064" errors="0" timestamp="2026-05-24T19:36:19 MSK" skipped="1">
  <testcase classname="com.example.basics.TestAttributesTest" name="registerWithShortPassword" time="0.000"/>
  <testcase classname="com.example.basics.TestAttributesTest" name="registerWithEmptyLogin" time="0.001"/>
  <testcase classname="com.example.basics.TestAttributesTest" name="repeatedLogin" time="0.000"/>
  <testcase classname="com.example.basics.TestAttributesTest" name="fastOperation" time="0.062"/>
  <testcase classname="com.example.basics.TestAttributesTest" name="repeatedLogin" time="0.000"/>
  <testcase classname="com.example.basics.TestAttributesTest" name="repeatedLogin" time="0.000"/>
  <testcase classname="com.example.basics.TestAttributesTest" name="step1_registerUser" time="0.000"/>
  <testcase classname="com.example.basics.TestAttributesTest" name="step2_loginUser" time="0.001"/>
  <testcase classname="com.example.basics.TestAttributesTest" name="step3_deleteUser" time="0.000"/>
  <testcase classname="com.example.basics.TestAttributesTest" name="disabledTest">
    <skipped/>
  </testcase> <!-- disabledTest -->
</testsuite> <!-- com.example.basics.TestAttributesTest -->
