<?xml version="1.0" encoding="UTF-8"?>
<!-- Generated by org.testng.reporters.JUnitReportReporter -->
<testsuite hostname="LAPTOP-K6N7EVTI" failures="1" tests="6" name="com.example.retry.RetryDemoTest" time="0.002" errors="0" timestamp="2026-05-24T19:36:19 MSK" skipped="3">
  <testcase classname="com.example.retry.RetryDemoTest" name="alwaysFailingTest" time="0.000">
    <skipped/>
  </testcase> <!-- alwaysFailingTest -->
  <testcase classname="com.example.retry.RetryDemoTest" name="flakyNetworkTest" time="0.000"/>
  <testcase classname="com.example.retry.RetryDemoTest" name="flakyNetworkTest" time="0.001">
    <skipped/>
  </testcase> <!-- flakyNetworkTest -->
  <testcase classname="com.example.retry.RetryDemoTest" name="stableTest" time="0.000"/>
  <testcase classname="com.example.retry.RetryDemoTest" name="alwaysFailingTest" time="0.001">
    <skipped/>
  </testcase> <!-- alwaysFailingTest -->
  <testcase classname="com.example.retry.RetryDemoTest" name="alwaysFailingTest" time="0.000">
    <failure message="Этот тест всегда падает (демонстрация исчерпания retry)" type="java.lang.AssertionError">
      <![CDATA[java.lang.AssertionError: Этот тест всегда падает (демонстрация исчерпания retry)
at org.testng.Assert.fail(Assert.java:111)
at com.example.retry.RetryDemoTest.alwaysFailingTest(RetryDemoTest.java:59)
at java.base/jdk.internal.reflect.DirectMethodHandleAccessor.invoke(DirectMethodHandleAccessor.java:104)
at java.base/java.lang.reflect.Method.invoke(Method.java:565)
at org.testng.internal.invokers.MethodInvocationHelper.invokeMethod(MethodInvocationHelper.java:139)
at org.testng.internal.invokers.TestInvoker.invokeMethod(TestInvoker.java:664)
at org.testng.internal.invokers.TestInvoker.retryFailed(TestInvoker.java:248)
at org.testng.internal.invokers.MethodRunner.runInSequence(MethodRunner.java:62)
at org.testng.internal.invokers.TestInvoker$MethodInvocationAgent.invoke(TestInvoker.java:957)
at org.testng.internal.invokers.TestInvoker.invokeTestMethods(TestInvoker.java:200)
at org.testng.internal.invokers.TestMethodWorker.invokeTestMethods(TestMethodWorker.java:148)
at org.testng.internal.invokers.TestMethodWorker.run(TestMethodWorker.java:128)
at java.base/java.util.ArrayList.forEach(ArrayList.java:1604)
at org.testng.TestRunner.privateRun(TestRunner.java:848)
at org.testng.TestRunner.run(TestRunner.java:621)
at org.testng.SuiteRunner.runTest(SuiteRunner.java:443)
at org.testng.SuiteRunner$SuiteWorker.run(SuiteRunner.java:481)
at org.testng.internal.thread.ThreadUtil.lambda$execute$0(ThreadUtil.java:58)
at java.base/java.util.concurrent.FutureTask.run(FutureTask.java:328)
at java.base/java.util.concurrent.ThreadPoolExecutor.runWorker(ThreadPoolExecutor.java:1090)
at java.base/java.util.concurrent.ThreadPoolExecutor$Worker.run(ThreadPoolExecutor.java:614)
at java.base/java.lang.Thread.run(Thread.java:1474)
]]>
    </failure>
  </testcase> <!-- alwaysFailingTest -->
</testsuite> <!-- com.example.retry.RetryDemoTest -->
