<?xml version="1.0" encoding="UTF-8"?>
<!-- Generated by org.testng.reporters.JUnitXMLReporter -->
<testsuite ignored="0" hostname="LAPTOP-K6N7EVTI" failures="0" tests="7" name="Assertions-Demo" time="0.026" errors="0" timestamp="2026-05-24T19:36:18 MSK">
  <testcase classname="com.example.assertions.AssertionsTest" name="assertCollectionsDemo" time="0.003"/>
  <testcase classname="com.example.assertions.AssertionsTest" name="assertEqualsDemo" time="0.001"/>
  <testcase classname="com.example.assertions.AssertionsTest" name="assertNullDemo" time="0.001"/>
  <testcase classname="com.example.assertions.AssertionsTest" name="assertThrowsDemo" time="0.005"/>
  <testcase classname="com.example.assertions.AssertionsTest" name="assertTrueFalseDemo" time="0.001"/>
  <testcase classname="com.example.assertions.AssertionsTest" name="softAssertApiResponseDemo" time="0.004"/>
  <testcase classname="com.example.assertions.AssertionsTest" name="softAssertDemo" time="0.002"/>
</testsuite> <!-- Assertions-Demo -->
