<?xml version="1.0" encoding="UTF-8"?>
<!-- Generated by org.testng.reporters.JUnitXMLReporter -->
<testsuite ignored="0" hostname="LAPTOP-K6N7EVTI" failures="0" tests="15" name="DataProvider-Tests" time="0.142" errors="0" timestamp="2026-05-24T19:36:18 MSK">
  <testcase classname="com.example.dataprovider.DataProviderTest" name="testRegisterValidUser" time="0.01"/>
  <testcase classname="com.example.dataprovider.DataProviderTest" name="testRegisterValidUser" time="0.001"/>
  <testcase classname="com.example.dataprovider.DataProviderTest" name="testRegisterValidUser" time="0.001"/>
  <testcase classname="com.example.dataprovider.DataProviderTest" name="testRegisterValidUser" time="0.005"/>
  <testcase classname="com.example.dataprovider.DataProviderTest" name="testParallelRegistration" time="0.001"/>
  <testcase classname="com.example.dataprovider.DataProviderTest" name="testParallelRegistration" time="0.003"/>
  <testcase classname="com.example.dataprovider.DataProviderTest" name="testParallelRegistration" time="0.003"/>
  <testcase classname="com.example.dataprovider.DataProviderTest" name="testRegisterInvalidUser" time="0.003"/>
  <testcase classname="com.example.dataprovider.DataProviderTest" name="testRegisterInvalidUser" time="0.001"/>
  <testcase classname="com.example.dataprovider.DataProviderTest" name="testRegisterInvalidUser" time="0.002"/>
  <testcase classname="com.example.dataprovider.DataProviderTest" name="testRegisterInvalidUser" time="0.001"/>
  <testcase classname="com.example.dataprovider.DataProviderTest" name="testLoginScenarios" time="0.016"/>
  <testcase classname="com.example.dataprovider.DataProviderTest" name="testLoginScenarios" time="0.001"/>
  <testcase classname="com.example.dataprovider.DataProviderTest" name="testLoginScenarios" time="0.001"/>
  <testcase classname="com.example.dataprovider.DataProviderTest" name="testLoginScenarios" time="0.001"/>
</testsuite> <!-- DataProvider-Tests -->
