<?xml version="1.0" encoding="UTF-8"?>
<!-- Generated by org.testng.reporters.JUnitXMLReporter -->
<testsuite ignored="0" hostname="LAPTOP-K6N7EVTI" failures="1" tests="7" name="Groups-Demo" time="0.589" errors="0" timestamp="2026-05-24T19:36:18 MSK">
  <testcase classname="com.example.groups.GroupsTest" name="basicLoginWorks" time="0.007"/>
  <testcase classname="com.example.groups.GroupsTest" name="serverIsUp" time="0.001"/>
  <testcase classname="com.example.groups.GroupsTest" name="slowIntegrationCheck" time="0.501"/>
  <testcase classname="com.example.groups.GroupsTest" name="unknownUserRejected" time="0.001"/>
  <testcase classname="com.example.groups.GroupsTest" name="userCountIncrementsOnRegister" time="0.002"/>
  <testcase classname="com.example.groups.GroupsTest" name="wrongPasswordRejected" time="0.0"/>
  <testcase classname="com.example.groups.GroupsTest" name="deleteUserAfterSmoke" time="0.001">
    <failure type="java.lang.IllegalStateException" message="Сервер не запущен">
      <![CDATA[java.lang.IllegalStateException: Сервер не запущен
at com.example.UserService.register(UserService.java:38)
at com.example.groups.GroupsTest.deleteUserAfterSmoke(GroupsTest.java:115)
at java.base/java.util.ArrayList.forEach(ArrayList.java:1604)
at java.base/java.util.concurrent.FutureTask.run(FutureTask.java:328)
at java.base/java.util.concurrent.ThreadPoolExecutor.runWorker(ThreadPoolExecutor.java:1090)
at java.base/java.util.concurrent.ThreadPoolExecutor$Worker.run(ThreadPoolExecutor.java:614)
at java.base/java.lang.Thread.run(Thread.java:1474)
... Removed 15 stack frames]]>
    </failure>
  </testcase> <!-- deleteUserAfterSmoke -->
</testsuite> <!-- Groups-Demo -->
