<?xml version="1.0" encoding="UTF-8"?>
<!-- Generated by org.testng.reporters.JUnitXMLReporter -->
<testsuite ignored="1" hostname="LAPTOP-K6N7EVTI" failures="0" tests="18" name="Lifecycle-and-Annotations" time="0.137" errors="0" timestamp="2026-05-24T19:36:18 MSK">
  <testcase classname="com.example.basics.TestAttributesTest" name="fastOperation" time="0.062"/>
  <testcase classname="com.example.basics.TestAttributesTest" name="registerWithEmptyLogin" time="0.001"/>
  <testcase classname="com.example.basics.TestAttributesTest" name="registerWithShortPassword" time="0.0"/>
  <testcase classname="com.example.basics.TestAttributesTest" name="repeatedLogin" time="0.0"/>
  <testcase classname="com.example.basics.TestAttributesTest" name="repeatedLogin" time="0.0"/>
  <testcase classname="com.example.basics.TestAttributesTest" name="repeatedLogin" time="0.0"/>
  <testcase classname="com.example.basics.AnnotationLifecycleTest" name="testLoginSuccess" time="0.0"/>
  <testcase classname="com.example.basics.AnnotationLifecycleTest" name="testLoginWrongPassword" time="0.0"/>
  <testcase classname="com.example.basics.AnnotationLifecycleTest" name="testServerIsRunning" time="0.0"/>
  <testcase classname="com.example.basics.AnnotationLifecycleTest" name="testUserExists" time="0.001"/>
  <testcase classname="com.example.basics.TestAttributesTest" name="step1_registerUser" time="0.0"/>
  <testcase classname="com.example.basics.DependencyTest" name="step1_startServer" time="0.0"/>
  <testcase classname="com.example.basics.DependencyTest" name="step2_registerUser" time="0.001"/>
  <testcase classname="com.example.basics.DependencyTest" name="step3_loginUser" time="0.0"/>
  <testcase classname="com.example.basics.DependencyTest" name="step4_performAction" time="0.0"/>
  <testcase classname="com.example.basics.DependencyTest" name="step5_stopServer" time="0.001"/>
  <testcase classname="com.example.basics.TestAttributesTest" name="step2_loginUser" time="0.001"/>
  <testcase classname="com.example.basics.TestAttributesTest" name="step3_deleteUser" time="0.0"/>
  <testcase classname="com.example.basics.TestAttributesTest" name="disabledTest" time="0.0">
    <ignored/>
  </testcase> <!-- disabledTest -->
</testsuite> <!-- Lifecycle-and-Annotations -->
