<?xml version="1.0" encoding="UTF-8"?>
<!-- Generated by org.testng.reporters.JUnitXMLReporter -->
<testsuite ignored="1" hostname="LAPTOP-K6N7EVTI" failures="1" tests="2" name="Listeners-Demo" time="0.01" errors="0" timestamp="2026-05-24T19:36:18 MSK">
  <testcase classname="com.example.listeners.ListenerDemoTest" name="failingTest" time="0.004">
    <failure type="java.lang.AssertionError" message="Намеренный провал: счётчик не равен 999 expected [999] but found [0]">
      <![CDATA[java.lang.AssertionError: Намеренный провал: счётчик не равен 999 expected [999] but found [0]
at com.example.listeners.ListenerDemoTest.failingTest(ListenerDemoTest.java:46)
at java.base/java.util.ArrayList.forEach(ArrayList.java:1604)
at java.base/java.util.concurrent.FutureTask.run(FutureTask.java:328)
at java.base/java.util.concurrent.ThreadPoolExecutor.runWorker(ThreadPoolExecutor.java:1090)
at java.base/java.util.concurrent.ThreadPoolExecutor$Worker.run(ThreadPoolExecutor.java:614)
at java.base/java.lang.Thread.run(Thread.java:1474)
... Removed 21 stack frames]]>
    </failure>
  </testcase> <!-- failingTest -->
  <testcase classname="com.example.listeners.ListenerDemoTest" name="passingTest" time="0.001"/>
  <testcase classname="com.example.listeners.ListenerDemoTest" name="skippedTest" time="0.0">
    <ignored/>
  </testcase> <!-- skippedTest -->
</testsuite> <!-- Listeners-Demo -->
