<?xml version="1.0" encoding="UTF-8"?>
<!-- Generated by org.testng.reporters.JUnitXMLReporter -->
<testsuite ignored="0" hostname="LAPTOP-K6N7EVTI" failures="0" tests="11" name="Parallel-Tests" time="0.481" errors="0" timestamp="2026-05-24T19:36:18 MSK">
  <testcase classname="com.example.parallel.ParallelMethodsTest" name="parallelMethodA" time="0.105"/>
  <testcase classname="com.example.parallel.ParallelMethodsTest" name="parallelMethodB" time="0.101"/>
  <testcase classname="com.example.parallel.ParallelMethodsTest" name="parallelMethodC" time="0.102"/>
  <testcase classname="com.example.parallel.ParallelMethodsTest" name="parallelMethodD" time="0.103"/>
  <testcase classname="com.example.parallel.ParallelMethodsTest" name="stressTest" time="0.001"/>
  <testcase classname="com.example.parallel.ParallelMethodsTest" name="stressTest" time="0.0"/>
  <testcase classname="com.example.parallel.ParallelMethodsTest" name="stressTest" time="0.0"/>
  <testcase classname="com.example.parallel.ParallelMethodsTest" name="stressTest" time="0.004"/>
  <testcase classname="com.example.parallel.ParallelMethodsTest" name="stressTest" time="0.004"/>
  <testcase classname="com.example.parallel.ParallelMethodsTest" name="stressTest" time="0.004"/>
  <testcase classname="com.example.parallel.ParallelMethodsTest" name="threadLocalDemo" time="0.001"/>
</testsuite> <!-- Parallel-Tests -->
