<?xml version="1.0" encoding="UTF-8"?>
<!-- Generated by org.testng.reporters.JUnitXMLReporter -->
<testsuite ignored="0" hostname="LAPTOP-K6N7EVTI" failures="1" tests="6" name="Retry-Demo" time="0.01" errors="0" timestamp="2026-05-24T19:36:18 MSK">
  <testcase classname="com.example.retry.RetryDemoTest" name="alwaysFailingTest" time="0.001">
    <skipped/>
  </testcase> <!-- alwaysFailingTest -->
  <testcase classname="com.example.retry.RetryDemoTest" name="alwaysFailingTest" time="0.0">
    <skipped/>
  </testcase> <!-- alwaysFailingTest -->
  <testcase classname="com.example.retry.RetryDemoTest" name="alwaysFailingTest" time="0.0">
    <failure type="java.lang.AssertionError" message="Этот тест всегда падает (демонстрация исчерпания retry)">
      <![CDATA[java.lang.AssertionError: Этот тест всегда падает (демонстрация исчерпания retry)
at com.example.retry.RetryDemoTest.alwaysFailingTest(RetryDemoTest.java:59)
at java.base/java.util.ArrayList.forEach(ArrayList.java:1604)
at java.base/java.util.concurrent.FutureTask.run(FutureTask.java:328)
at java.base/java.util.concurrent.ThreadPoolExecutor.runWorker(ThreadPoolExecutor.java:1090)
at java.base/java.util.concurrent.ThreadPoolExecutor$Worker.run(ThreadPoolExecutor.java:614)
at java.base/java.lang.Thread.run(Thread.java:1474)
... Removed 16 stack frames]]>
    </failure>
  </testcase> <!-- alwaysFailingTest -->
  <testcase classname="com.example.retry.RetryDemoTest" name="flakyNetworkTest" time="0.001">
    <skipped/>
  </testcase> <!-- flakyNetworkTest -->
  <testcase classname="com.example.retry.RetryDemoTest" name="flakyNetworkTest" time="0.0"/>
  <testcase classname="com.example.retry.RetryDemoTest" name="stableTest" time="0.0"/>
</testsuite> <!-- Retry-Demo -->
